<?xml version="1.0" encoding="UTF-8"?>
<!-- Generated by org.testng.reporters.JUnitReportReporter -->
<testsuite hostname="NIJISDAS" failures="0" tests="2" name="testRunner.TestNGfailedtestrunner" time="40.018" errors="0" timestamp="2022-04-08T07:37:34 IST" skipped="0">
  <testcase classname="testRunner.TestNGfailedtestrunner" name="runScenario" time="20.184"/>
  <system-out/>
  <testcase classname="testRunner.TestNGfailedtestrunner" name="runScenario" time="19.834"/>
  <system-out/>
</testsuite> <!-- testRunner.TestNGfailedtestrunner -->
